The following modules were not unloaded:
  (Use "module --force purge" to unload all):

  1) CCconfig          5) intel/2020.1.217   9)  flexiblas/3.0.4
  2) gentoo/2020       6) ucx/1.8.0          10) blis/0.8.1
  3) gcccore/.9.3.0    7) libfabric/1.10.1   11) StdEnv/2020
  4) imkl/2020.1.217   8) openmpi/4.0.3

Due to MODULEPATH changes, the following have been reloaded:
  1) blis/0.8.1          3) libfabric/1.10.1     5) ucx/1.8.0
  2) flexiblas/3.0.4     4) openmpi/4.0.3


Lmod is automatically replacing "intel/2020.1.217" with "gcc/9.3.0".


Due to MODULEPATH changes, the following have been reloaded:
  1) blis/0.8.1     2) flexiblas/3.0.4     3) openmpi/4.0.3


Due to MODULEPATH changes, the following have been reloaded:
  1) libfabric/1.10.1     2) openmpi/4.0.3     3) ucx/1.8.0

[rank: 0] Seed set to 9999
`text_config_dict` is provided which will be used to initialize `CLIPTextConfig`. The value `text_config["id2label"]` will be overriden.
Random Seed 9999, Style Control [Start Step, End Step] = [5, 30], Style Control Layer Index = [20, 22, 24, 26, 28, 30]
DDIM inversion...
Traceback (most recent call last):
  File "demo.py", line 442, in <module>
    main()
  File "demo.py", line 370, in main
    _, content_latent_list, x_t, uncond_embeddings = null_inversion.invert(
  File "demo.py", line 303, in invert
    image_rec, ddim_latents = self.ddim_inversion(image_gt)
  File "/home/hsc/style_env/lib/python3.8/site-packages/torch/utils/_contextlib.py", line 115, in decorate_context
    return func(*args, **kwargs)
  File "demo.py", line 252, in ddim_inversion
    ddim_latents = self.ddim_loop(latent)
  File "/home/hsc/style_env/lib/python3.8/site-packages/torch/utils/_contextlib.py", line 115, in decorate_context
    return func(*args, **kwargs)
  File "demo.py", line 239, in ddim_loop
    noise_pred = self.get_noise_pred_single(latent, t, cond_embeddings)
  File "demo.py", line 159, in get_noise_pred_single
    noise_pred = self.model.unet(latents, t, encoder_hidden_states=context)[
  File "/home/hsc/style_env/lib/python3.8/site-packages/torch/nn/modules/module.py", line 1501, in _call_impl
    return forward_call(*args, **kwargs)
  File "/home/hsc/style_env/lib/python3.8/site-packages/diffusers/models/unet_2d_condition.py", line 582, in forward
    sample, res_samples = downsample_block(
  File "/home/hsc/style_env/lib/python3.8/site-packages/torch/nn/modules/module.py", line 1501, in _call_impl
    return forward_call(*args, **kwargs)
  File "/home/hsc/style_env/lib/python3.8/site-packages/diffusers/models/unet_2d_blocks.py", line 837, in forward
    hidden_states = attn(
  File "/home/hsc/style_env/lib/python3.8/site-packages/torch/nn/modules/module.py", line 1501, in _call_impl
    return forward_call(*args, **kwargs)
  File "/home/hsc/style_env/lib/python3.8/site-packages/diffusers/models/transformer_2d.py", line 265, in forward
    hidden_states = block(
  File "/home/hsc/style_env/lib/python3.8/site-packages/torch/nn/modules/module.py", line 1501, in _call_impl
    return forward_call(*args, **kwargs)
  File "/home/hsc/style_env/lib/python3.8/site-packages/diffusers/models/attention.py", line 291, in forward
    attn_output = self.attn1(
  File "/home/hsc/style_env/lib/python3.8/site-packages/torch/nn/modules/module.py", line 1501, in _call_impl
    return forward_call(*args, **kwargs)
TypeError: forward() got an unexpected keyword argument 'encoder_hidden_states'
